C:\USERS\A402-27\DESKTOP\다렉TEAM\TEAMPROJECT\SOFT_SOURCE\B&B CONSUME\3D_GAME\DEBUG\3D_GAME.EXE.EMBED.MANIFEST.RES
C:\USERS\A402-27\DESKTOP\다렉TEAM\TEAMPROJECT\SOFT_SOURCE\B&B CONSUME\3D_GAME\DEBUG\3D_GAME.EXE.INTERMEDIATE.MANIFEST
C:\USERS\A402-27\DESKTOP\다렉TEAM\TEAMPROJECT\SOFT_SOURCE\B&B CONSUME\3D_GAME\DEBUG\3D_GAME.RES
C:\USERS\A402-27\DESKTOP\다렉TEAM\TEAMPROJECT\SOFT_SOURCE\B&B CONSUME\3D_GAME\DEBUG\BACKGROUND.OBJ
C:\USERS\A402-27\DESKTOP\다렉TEAM\TEAMPROJECT\SOFT_SOURCE\B&B CONSUME\3D_GAME\DEBUG\BOMB_TILE.OBJ
C:\USERS\A402-27\DESKTOP\다렉TEAM\TEAMPROJECT\SOFT_SOURCE\B&B CONSUME\3D_GAME\DEBUG\BOMB_TILE2.OBJ
C:\USERS\A402-27\DESKTOP\다렉TEAM\TEAMPROJECT\SOFT_SOURCE\B&B CONSUME\3D_GAME\DEBUG\BOMB_TILE3.OBJ
C:\USERS\A402-27\DESKTOP\다렉TEAM\TEAMPROJECT\SOFT_SOURCE\B&B CONSUME\3D_GAME\DEBUG\BOMB_TILE4.OBJ
C:\USERS\A402-27\DESKTOP\다렉TEAM\TEAMPROJECT\SOFT_SOURCE\B&B CONSUME\3D_GAME\DEBUG\CLEAR.OBJ
C:\USERS\A402-27\DESKTOP\다렉TEAM\TEAMPROJECT\SOFT_SOURCE\B&B CONSUME\3D_GAME\DEBUG\CLEAR_TILE.OBJ
C:\USERS\A402-27\DESKTOP\다렉TEAM\TEAMPROJECT\SOFT_SOURCE\B&B CONSUME\3D_GAME\DEBUG\COLLISION.OBJ
C:\USERS\A402-27\DESKTOP\다렉TEAM\TEAMPROJECT\SOFT_SOURCE\B&B CONSUME\3D_GAME\DEBUG\CREDITDICE_ALGORITHM.OBJ
C:\USERS\A402-27\DESKTOP\다렉TEAM\TEAMPROJECT\SOFT_SOURCE\B&B CONSUME\3D_GAME\DEBUG\DEVICE.OBJ
C:\USERS\A402-27\DESKTOP\다렉TEAM\TEAMPROJECT\SOFT_SOURCE\B&B CONSUME\3D_GAME\DEBUG\ENTITY.OBJ
C:\USERS\A402-27\DESKTOP\다렉TEAM\TEAMPROJECT\SOFT_SOURCE\B&B CONSUME\3D_GAME\DEBUG\EVENT_PROCESS.OBJ
C:\USERS\A402-27\DESKTOP\다렉TEAM\TEAMPROJECT\SOFT_SOURCE\B&B CONSUME\3D_GAME\DEBUG\FILELOAD.OBJ
C:\USERS\A402-27\DESKTOP\다렉TEAM\TEAMPROJECT\SOFT_SOURCE\B&B CONSUME\3D_GAME\DEBUG\FIRE_TILE.OBJ
C:\USERS\A402-27\DESKTOP\다렉TEAM\TEAMPROJECT\SOFT_SOURCE\B&B CONSUME\3D_GAME\DEBUG\FRUSTUM.OBJ
C:\USERS\A402-27\DESKTOP\다렉TEAM\TEAMPROJECT\SOFT_SOURCE\B&B CONSUME\3D_GAME\DEBUG\GAME_OVER.OBJ
C:\USERS\A402-27\DESKTOP\다렉TEAM\TEAMPROJECT\SOFT_SOURCE\B&B CONSUME\3D_GAME\DEBUG\GAMEBASE.OBJ
C:\USERS\A402-27\DESKTOP\다렉TEAM\TEAMPROJECT\SOFT_SOURCE\B&B CONSUME\3D_GAME\DEBUG\HP_BAR.OBJ
C:\USERS\A402-27\DESKTOP\다렉TEAM\TEAMPROJECT\SOFT_SOURCE\B&B CONSUME\3D_GAME\DEBUG\IRON_TILE.OBJ
C:\USERS\A402-27\DESKTOP\다렉TEAM\TEAMPROJECT\SOFT_SOURCE\B&B CONSUME\3D_GAME\DEBUG\KEYBOARD.OBJ
C:\USERS\A402-27\DESKTOP\다렉TEAM\TEAMPROJECT\SOFT_SOURCE\B&B CONSUME\3D_GAME\DEBUG\MAIN.OBJ
C:\USERS\A402-27\DESKTOP\다렉TEAM\TEAMPROJECT\SOFT_SOURCE\B&B CONSUME\3D_GAME\DEBUG\MAINMENU.OBJ
C:\USERS\A402-27\DESKTOP\다렉TEAM\TEAMPROJECT\SOFT_SOURCE\B&B CONSUME\3D_GAME\DEBUG\MENUMESH.OBJ
C:\USERS\A402-27\DESKTOP\다렉TEAM\TEAMPROJECT\SOFT_SOURCE\B&B CONSUME\3D_GAME\DEBUG\MESH.OBJ
C:\USERS\A402-27\DESKTOP\다렉TEAM\TEAMPROJECT\SOFT_SOURCE\B&B CONSUME\3D_GAME\DEBUG\MOUSE.OBJ
C:\USERS\A402-27\DESKTOP\다렉TEAM\TEAMPROJECT\SOFT_SOURCE\B&B CONSUME\3D_GAME\DEBUG\MOVE_TILE.OBJ
C:\USERS\A402-27\DESKTOP\다렉TEAM\TEAMPROJECT\SOFT_SOURCE\B&B CONSUME\3D_GAME\DEBUG\MOVE_WIND_TILE.OBJ
C:\USERS\A402-27\DESKTOP\다렉TEAM\TEAMPROJECT\SOFT_SOURCE\B&B CONSUME\3D_GAME\DEBUG\ONE_WIND_TILE.OBJ
C:\USERS\A402-27\DESKTOP\다렉TEAM\TEAMPROJECT\SOFT_SOURCE\B&B CONSUME\3D_GAME\DEBUG\PARTICLE.OBJ
C:\USERS\A402-27\DESKTOP\다렉TEAM\TEAMPROJECT\SOFT_SOURCE\B&B CONSUME\3D_GAME\DEBUG\PARTICLE_DIE.OBJ
C:\USERS\A402-27\DESKTOP\다렉TEAM\TEAMPROJECT\SOFT_SOURCE\B&B CONSUME\3D_GAME\DEBUG\PARTICLE_EXPLOSION.OBJ
C:\USERS\A402-27\DESKTOP\다렉TEAM\TEAMPROJECT\SOFT_SOURCE\B&B CONSUME\3D_GAME\DEBUG\PARTICLE_PETAL.OBJ
C:\USERS\A402-27\DESKTOP\다렉TEAM\TEAMPROJECT\SOFT_SOURCE\B&B CONSUME\3D_GAME\DEBUG\PARTICLE_RISE.OBJ
C:\USERS\A402-27\DESKTOP\다렉TEAM\TEAMPROJECT\SOFT_SOURCE\B&B CONSUME\3D_GAME\DEBUG\PARTICLE_SEND.OBJ
C:\USERS\A402-27\DESKTOP\다렉TEAM\TEAMPROJECT\SOFT_SOURCE\B&B CONSUME\3D_GAME\DEBUG\PARTICLE_WIND.OBJ
C:\USERS\A402-27\DESKTOP\다렉TEAM\TEAMPROJECT\SOFT_SOURCE\B&B CONSUME\3D_GAME\DEBUG\PAUSE_SYSTEM.OBJ
C:\USERS\A402-27\DESKTOP\다렉TEAM\TEAMPROJECT\SOFT_SOURCE\B&B CONSUME\3D_GAME\DEBUG\PHISICAL.OBJ
C:\USERS\A402-27\DESKTOP\다렉TEAM\TEAMPROJECT\SOFT_SOURCE\B&B CONSUME\3D_GAME\DEBUG\PLAYER.OBJ
C:\USERS\A402-27\DESKTOP\다렉TEAM\TEAMPROJECT\SOFT_SOURCE\B&B CONSUME\3D_GAME\DEBUG\SHADER.OBJ
C:\USERS\A402-27\DESKTOP\다렉TEAM\TEAMPROJECT\SOFT_SOURCE\B&B CONSUME\3D_GAME\DEBUG\SKYBOX.OBJ
C:\USERS\A402-27\DESKTOP\다렉TEAM\TEAMPROJECT\SOFT_SOURCE\B&B CONSUME\3D_GAME\DEBUG\SOUND.OBJ
C:\USERS\A402-27\DESKTOP\다렉TEAM\TEAMPROJECT\SOFT_SOURCE\B&B CONSUME\3D_GAME\DEBUG\STYRO_TILE.OBJ
C:\USERS\A402-27\DESKTOP\다렉TEAM\TEAMPROJECT\SOFT_SOURCE\B&B CONSUME\3D_GAME\DEBUG\TEXTURE.OBJ
C:\USERS\A402-27\DESKTOP\다렉TEAM\TEAMPROJECT\SOFT_SOURCE\B&B CONSUME\3D_GAME\DEBUG\TILE.OBJ
C:\USERS\A402-27\DESKTOP\다렉TEAM\TEAMPROJECT\SOFT_SOURCE\B&B CONSUME\3D_GAME\DEBUG\TIME_TILE.OBJ
C:\USERS\A402-27\DESKTOP\다렉TEAM\TEAMPROJECT\SOFT_SOURCE\B&B CONSUME\3D_GAME\DEBUG\UI_MESH.OBJ
C:\USERS\A402-27\DESKTOP\다렉TEAM\TEAMPROJECT\SOFT_SOURCE\B&B CONSUME\3D_GAME\DEBUG\UPDOWN_TILE.OBJ
C:\USERS\A402-27\DESKTOP\다렉TEAM\TEAMPROJECT\SOFT_SOURCE\B&B CONSUME\3D_GAME\DEBUG\UPDOWNIRON_TILE.OBJ
C:\USERS\A402-27\DESKTOP\다렉TEAM\TEAMPROJECT\SOFT_SOURCE\B&B CONSUME\3D_GAME\DEBUG\VC100.PDB
C:\USERS\A402-27\DESKTOP\다렉TEAM\TEAMPROJECT\SOFT_SOURCE\B&B CONSUME\3D_GAME\DEBUG\WATER_TILE.OBJ
C:\USERS\A402-27\DESKTOP\다렉TEAM\TEAMPROJECT\SOFT_SOURCE\B&B CONSUME\3D_GAME\DEBUG\WIND_TILE.OBJ
C:\USERS\A402-27\DESKTOP\다렉TEAM\TEAMPROJECT\SOFT_SOURCE\B&B CONSUME\3D_GAME\DEBUG\WOOD_TILE.OBJ
C:\USERS\A402-27\DESKTOP\다렉TEAM\TEAMPROJECT\SOFT_SOURCE\B&B CONSUME\3D_GAME\DEBUG\ZCAMERA.OBJ
C:\USERS\A402-27\DESKTOP\다렉TEAM\TEAMPROJECT\SOFT_SOURCE\B&B CONSUME\3D_GAME\DEBUG\ZFLOG.OBJ
C:\USERS\A402-27\DESKTOP\다렉TEAM\TEAMPROJECT\SOFT_SOURCE\B&B CONSUME\DEBUG\3D_GAME.EXE
C:\USERS\A402-27\DESKTOP\다렉TEAM\TEAMPROJECT\SOFT_SOURCE\B&B CONSUME\DEBUG\3D_GAME.ILK
C:\USERS\A402-27\DESKTOP\다렉TEAM\TEAMPROJECT\SOFT_SOURCE\B&B CONSUME\DEBUG\3D_GAME.PDB
C:\USERS\A402-34\DESKTOP\발구지\TEAMPROJECT\SOFT_SOURCE\B&B CONSUME\3D_GAME\DEBUG\3D_GAME.EXE.EMBED.MANIFEST
C:\USERS\A402-34\DESKTOP\발구지\TEAMPROJECT\SOFT_SOURCE\B&B CONSUME\3D_GAME\DEBUG\3D_GAME.EXE.EMBED.MANIFEST.RES
C:\USERS\A402-34\DESKTOP\발구지\TEAMPROJECT\SOFT_SOURCE\B&B CONSUME\3D_GAME\DEBUG\3D_GAME.EXE.INTERMEDIATE.MANIFEST
C:\USERS\A402-34\DESKTOP\발구지\TEAMPROJECT\SOFT_SOURCE\B&B CONSUME\3D_GAME\DEBUG\3D_GAME.RES
C:\Users\A402-34\Desktop\발구지\TeamProject\Soft_Source\B&B ConSume\3D_Game\Debug\3D_Game_manifest.rc
C:\USERS\A402-34\DESKTOP\발구지\TEAMPROJECT\SOFT_SOURCE\B&B CONSUME\3D_GAME\DEBUG\BACKGROUND.OBJ
C:\USERS\A402-34\DESKTOP\발구지\TEAMPROJECT\SOFT_SOURCE\B&B CONSUME\3D_GAME\DEBUG\BOMB_TILE.OBJ
C:\USERS\A402-34\DESKTOP\발구지\TEAMPROJECT\SOFT_SOURCE\B&B CONSUME\3D_GAME\DEBUG\BOMB_TILE2.OBJ
C:\USERS\A402-34\DESKTOP\발구지\TEAMPROJECT\SOFT_SOURCE\B&B CONSUME\3D_GAME\DEBUG\BOMB_TILE3.OBJ
C:\USERS\A402-34\DESKTOP\발구지\TEAMPROJECT\SOFT_SOURCE\B&B CONSUME\3D_GAME\DEBUG\BOMB_TILE4.OBJ
C:\Users\A402-34\Desktop\발구지\TeamProject\Soft_Source\B&B ConSume\3D_Game\Debug\cl.command.1.tlog
C:\Users\A402-34\Desktop\발구지\TeamProject\Soft_Source\B&B ConSume\3D_Game\Debug\CL.read.1.tlog
C:\Users\A402-34\Desktop\발구지\TeamProject\Soft_Source\B&B ConSume\3D_Game\Debug\CL.write.1.tlog
C:\USERS\A402-34\DESKTOP\발구지\TEAMPROJECT\SOFT_SOURCE\B&B CONSUME\3D_GAME\DEBUG\CLEAR.OBJ
C:\USERS\A402-34\DESKTOP\발구지\TEAMPROJECT\SOFT_SOURCE\B&B CONSUME\3D_GAME\DEBUG\CLEAR_TILE.OBJ
C:\USERS\A402-34\DESKTOP\발구지\TEAMPROJECT\SOFT_SOURCE\B&B CONSUME\3D_GAME\DEBUG\COLLISION.OBJ
C:\USERS\A402-34\DESKTOP\발구지\TEAMPROJECT\SOFT_SOURCE\B&B CONSUME\3D_GAME\DEBUG\CREDITDICE_ALGORITHM.OBJ
C:\USERS\A402-34\DESKTOP\발구지\TEAMPROJECT\SOFT_SOURCE\B&B CONSUME\3D_GAME\DEBUG\DEVICE.OBJ
C:\USERS\A402-34\DESKTOP\발구지\TEAMPROJECT\SOFT_SOURCE\B&B CONSUME\3D_GAME\DEBUG\ENTITY.OBJ
C:\USERS\A402-34\DESKTOP\발구지\TEAMPROJECT\SOFT_SOURCE\B&B CONSUME\3D_GAME\DEBUG\EVENT_PROCESS.OBJ
C:\USERS\A402-34\DESKTOP\발구지\TEAMPROJECT\SOFT_SOURCE\B&B CONSUME\3D_GAME\DEBUG\FILELOAD.OBJ
C:\USERS\A402-34\DESKTOP\발구지\TEAMPROJECT\SOFT_SOURCE\B&B CONSUME\3D_GAME\DEBUG\FIRE_TILE.OBJ
C:\USERS\A402-34\DESKTOP\발구지\TEAMPROJECT\SOFT_SOURCE\B&B CONSUME\3D_GAME\DEBUG\FRUSTUM.OBJ
C:\USERS\A402-34\DESKTOP\발구지\TEAMPROJECT\SOFT_SOURCE\B&B CONSUME\3D_GAME\DEBUG\GAME_OVER.OBJ
C:\USERS\A402-34\DESKTOP\발구지\TEAMPROJECT\SOFT_SOURCE\B&B CONSUME\3D_GAME\DEBUG\GAMEBASE.OBJ
C:\USERS\A402-34\DESKTOP\발구지\TEAMPROJECT\SOFT_SOURCE\B&B CONSUME\3D_GAME\DEBUG\HP_BAR.OBJ
C:\USERS\A402-34\DESKTOP\발구지\TEAMPROJECT\SOFT_SOURCE\B&B CONSUME\3D_GAME\DEBUG\IRON_TILE.OBJ
C:\USERS\A402-34\DESKTOP\발구지\TEAMPROJECT\SOFT_SOURCE\B&B CONSUME\3D_GAME\DEBUG\KEYBOARD.OBJ
C:\Users\A402-34\Desktop\발구지\TeamProject\Soft_Source\B&B ConSume\3D_Game\Debug\link.13832.read.1.tlog
C:\Users\A402-34\Desktop\발구지\TeamProject\Soft_Source\B&B ConSume\3D_Game\Debug\link.13832.write.1.tlog
C:\Users\A402-34\Desktop\발구지\TeamProject\Soft_Source\B&B ConSume\3D_Game\Debug\link.13832-cvtres.read.1.tlog
C:\Users\A402-34\Desktop\발구지\TeamProject\Soft_Source\B&B ConSume\3D_Game\Debug\link.13832-cvtres.write.1.tlog
C:\Users\A402-34\Desktop\발구지\TeamProject\Soft_Source\B&B ConSume\3D_Game\Debug\link.15152-cvtres.read.1.tlog
C:\Users\A402-34\Desktop\발구지\TeamProject\Soft_Source\B&B ConSume\3D_Game\Debug\link.16396-cvtres.write.1.tlog
C:\Users\A402-34\Desktop\발구지\TeamProject\Soft_Source\B&B ConSume\3D_Game\Debug\link.17588.read.1.tlog
C:\Users\A402-34\Desktop\발구지\TeamProject\Soft_Source\B&B ConSume\3D_Game\Debug\link.17588.write.1.tlog
C:\Users\A402-34\Desktop\발구지\TeamProject\Soft_Source\B&B ConSume\3D_Game\Debug\link.17588-cvtres.read.1.tlog
C:\Users\A402-34\Desktop\발구지\TeamProject\Soft_Source\B&B ConSume\3D_Game\Debug\link.17588-cvtres.write.1.tlog
C:\Users\A402-34\Desktop\발구지\TeamProject\Soft_Source\B&B ConSume\3D_Game\Debug\link.18404.read.1.tlog
C:\Users\A402-34\Desktop\발구지\TeamProject\Soft_Source\B&B ConSume\3D_Game\Debug\link.24208.read.1.tlog
C:\Users\A402-34\Desktop\발구지\TeamProject\Soft_Source\B&B ConSume\3D_Game\Debug\link.3520.write.1.tlog
C:\Users\A402-34\Desktop\발구지\TeamProject\Soft_Source\B&B ConSume\3D_Game\Debug\link.4472-cvtres.write.1.tlog
C:\Users\A402-34\Desktop\발구지\TeamProject\Soft_Source\B&B ConSume\3D_Game\Debug\link.4908.write.1.tlog
C:\Users\A402-34\Desktop\발구지\TeamProject\Soft_Source\B&B ConSume\3D_Game\Debug\link.5964.write.1.tlog
C:\Users\A402-34\Desktop\발구지\TeamProject\Soft_Source\B&B ConSume\3D_Game\Debug\link.5964-cvtres.write.1.tlog
C:\Users\A402-34\Desktop\발구지\TeamProject\Soft_Source\B&B ConSume\3D_Game\Debug\link.6476.read.1.tlog
C:\Users\A402-34\Desktop\발구지\TeamProject\Soft_Source\B&B ConSume\3D_Game\Debug\link.7912.write.1.tlog
C:\Users\A402-34\Desktop\발구지\TeamProject\Soft_Source\B&B ConSume\3D_Game\Debug\link.7912-cvtres.read.1.tlog
C:\Users\A402-34\Desktop\발구지\TeamProject\Soft_Source\B&B ConSume\3D_Game\Debug\link.command.1.tlog
C:\Users\A402-34\Desktop\발구지\TeamProject\Soft_Source\B&B ConSume\3D_Game\Debug\link.read.1.tlog
C:\Users\A402-34\Desktop\발구지\TeamProject\Soft_Source\B&B ConSume\3D_Game\Debug\link.write.1.tlog
C:\Users\A402-34\Desktop\발구지\TeamProject\Soft_Source\B&B ConSume\3D_Game\Debug\link-cvtres.read.1.tlog
C:\Users\A402-34\Desktop\발구지\TeamProject\Soft_Source\B&B ConSume\3D_Game\Debug\link-cvtres.write.1.tlog
C:\USERS\A402-34\DESKTOP\발구지\TEAMPROJECT\SOFT_SOURCE\B&B CONSUME\3D_GAME\DEBUG\MAIN.OBJ
C:\USERS\A402-34\DESKTOP\발구지\TEAMPROJECT\SOFT_SOURCE\B&B CONSUME\3D_GAME\DEBUG\MAINMENU.OBJ
C:\USERS\A402-34\DESKTOP\발구지\TEAMPROJECT\SOFT_SOURCE\B&B CONSUME\3D_GAME\DEBUG\MENUMESH.OBJ
C:\USERS\A402-34\DESKTOP\발구지\TEAMPROJECT\SOFT_SOURCE\B&B CONSUME\3D_GAME\DEBUG\MESH.OBJ
C:\USERS\A402-34\DESKTOP\발구지\TEAMPROJECT\SOFT_SOURCE\B&B CONSUME\3D_GAME\DEBUG\MOUSE.OBJ
C:\USERS\A402-34\DESKTOP\발구지\TEAMPROJECT\SOFT_SOURCE\B&B CONSUME\3D_GAME\DEBUG\MOVE_TILE.OBJ
C:\USERS\A402-34\DESKTOP\발구지\TEAMPROJECT\SOFT_SOURCE\B&B CONSUME\3D_GAME\DEBUG\MOVE_WIND_TILE.OBJ
C:\Users\A402-34\Desktop\발구지\TeamProject\Soft_Source\B&B ConSume\3D_Game\Debug\mt.command.1.tlog
C:\Users\A402-34\Desktop\발구지\TeamProject\Soft_Source\B&B ConSume\3D_Game\Debug\mt.read.1.tlog
C:\Users\A402-34\Desktop\발구지\TeamProject\Soft_Source\B&B ConSume\3D_Game\Debug\mt.write.1.tlog
C:\USERS\A402-34\DESKTOP\발구지\TEAMPROJECT\SOFT_SOURCE\B&B CONSUME\3D_GAME\DEBUG\ONE_WIND_TILE.OBJ
C:\USERS\A402-34\DESKTOP\발구지\TEAMPROJECT\SOFT_SOURCE\B&B CONSUME\3D_GAME\DEBUG\PARTICLE.OBJ
C:\USERS\A402-34\DESKTOP\발구지\TEAMPROJECT\SOFT_SOURCE\B&B CONSUME\3D_GAME\DEBUG\PARTICLE_DIE.OBJ
C:\USERS\A402-34\DESKTOP\발구지\TEAMPROJECT\SOFT_SOURCE\B&B CONSUME\3D_GAME\DEBUG\PARTICLE_EXPLOSION.OBJ
C:\USERS\A402-34\DESKTOP\발구지\TEAMPROJECT\SOFT_SOURCE\B&B CONSUME\3D_GAME\DEBUG\PARTICLE_PETAL.OBJ
C:\USERS\A402-34\DESKTOP\발구지\TEAMPROJECT\SOFT_SOURCE\B&B CONSUME\3D_GAME\DEBUG\PARTICLE_RISE.OBJ
C:\USERS\A402-34\DESKTOP\발구지\TEAMPROJECT\SOFT_SOURCE\B&B CONSUME\3D_GAME\DEBUG\PARTICLE_SEND.OBJ
C:\USERS\A402-34\DESKTOP\발구지\TEAMPROJECT\SOFT_SOURCE\B&B CONSUME\3D_GAME\DEBUG\PARTICLE_WIND.OBJ
C:\USERS\A402-34\DESKTOP\발구지\TEAMPROJECT\SOFT_SOURCE\B&B CONSUME\3D_GAME\DEBUG\PAUSE_SYSTEM.OBJ
C:\USERS\A402-34\DESKTOP\발구지\TEAMPROJECT\SOFT_SOURCE\B&B CONSUME\3D_GAME\DEBUG\PHISICAL.OBJ
C:\USERS\A402-34\DESKTOP\발구지\TEAMPROJECT\SOFT_SOURCE\B&B CONSUME\3D_GAME\DEBUG\PLAYER.OBJ
C:\Users\A402-34\Desktop\발구지\TeamProject\Soft_Source\B&B ConSume\3D_Game\Debug\rc.command.1.tlog
C:\Users\A402-34\Desktop\발구지\TeamProject\Soft_Source\B&B ConSume\3D_Game\Debug\rc.read.1.tlog
C:\Users\A402-34\Desktop\발구지\TeamProject\Soft_Source\B&B ConSume\3D_Game\Debug\rc.write.1.tlog
C:\USERS\A402-34\DESKTOP\발구지\TEAMPROJECT\SOFT_SOURCE\B&B CONSUME\3D_GAME\DEBUG\SHADER.OBJ
C:\USERS\A402-34\DESKTOP\발구지\TEAMPROJECT\SOFT_SOURCE\B&B CONSUME\3D_GAME\DEBUG\SKYBOX.OBJ
C:\USERS\A402-34\DESKTOP\발구지\TEAMPROJECT\SOFT_SOURCE\B&B CONSUME\3D_GAME\DEBUG\SOUND.OBJ
C:\USERS\A402-34\DESKTOP\발구지\TEAMPROJECT\SOFT_SOURCE\B&B CONSUME\3D_GAME\DEBUG\STYRO_TILE.OBJ
C:\USERS\A402-34\DESKTOP\발구지\TEAMPROJECT\SOFT_SOURCE\B&B CONSUME\3D_GAME\DEBUG\TEXTURE.OBJ
C:\USERS\A402-34\DESKTOP\발구지\TEAMPROJECT\SOFT_SOURCE\B&B CONSUME\3D_GAME\DEBUG\TILE.OBJ
C:\USERS\A402-34\DESKTOP\발구지\TEAMPROJECT\SOFT_SOURCE\B&B CONSUME\3D_GAME\DEBUG\TIME_TILE.OBJ
C:\USERS\A402-34\DESKTOP\발구지\TEAMPROJECT\SOFT_SOURCE\B&B CONSUME\3D_GAME\DEBUG\UI_MESH.OBJ
C:\USERS\A402-34\DESKTOP\발구지\TEAMPROJECT\SOFT_SOURCE\B&B CONSUME\3D_GAME\DEBUG\UPDOWN_TILE.OBJ
C:\USERS\A402-34\DESKTOP\발구지\TEAMPROJECT\SOFT_SOURCE\B&B CONSUME\3D_GAME\DEBUG\UPDOWNIRON_TILE.OBJ
C:\Users\A402-34\Desktop\발구지\TeamProject\Soft_Source\B&B ConSume\3D_Game\Debug\vc100.idb
C:\USERS\A402-34\DESKTOP\발구지\TEAMPROJECT\SOFT_SOURCE\B&B CONSUME\3D_GAME\DEBUG\VC100.PDB
C:\USERS\A402-34\DESKTOP\발구지\TEAMPROJECT\SOFT_SOURCE\B&B CONSUME\3D_GAME\DEBUG\WATER_TILE.OBJ
C:\USERS\A402-34\DESKTOP\발구지\TEAMPROJECT\SOFT_SOURCE\B&B CONSUME\3D_GAME\DEBUG\WIND_TILE.OBJ
C:\USERS\A402-34\DESKTOP\발구지\TEAMPROJECT\SOFT_SOURCE\B&B CONSUME\3D_GAME\DEBUG\WOOD_TILE.OBJ
C:\USERS\A402-34\DESKTOP\발구지\TEAMPROJECT\SOFT_SOURCE\B&B CONSUME\3D_GAME\DEBUG\ZCAMERA.OBJ
C:\USERS\A402-34\DESKTOP\발구지\TEAMPROJECT\SOFT_SOURCE\B&B CONSUME\3D_GAME\DEBUG\ZFLOG.OBJ
C:\USERS\A402-34\DESKTOP\발구지\TEAMPROJECT\SOFT_SOURCE\B&B CONSUME\DEBUG\3D_GAME.EXE
C:\USERS\A402-34\DESKTOP\발구지\TEAMPROJECT\SOFT_SOURCE\B&B CONSUME\DEBUG\3D_GAME.ILK
C:\USERS\A402-34\DESKTOP\발구지\TEAMPROJECT\SOFT_SOURCE\B&B CONSUME\DEBUG\3D_GAME.PDB
C:\USERS\LG\DESKTOP\다렉\TEAMPROJECT\SOFT_SOURCE\B&B CONSUME\3D_GAME\DEBUG\3D_GAME.EXE.EMBED.MANIFEST
C:\USERS\LG\DESKTOP\다렉\TEAMPROJECT\SOFT_SOURCE\B&B CONSUME\3D_GAME\DEBUG\3D_GAME.EXE.EMBED.MANIFEST.RES
C:\USERS\LG\DESKTOP\다렉\TEAMPROJECT\SOFT_SOURCE\B&B CONSUME\3D_GAME\DEBUG\3D_GAME.EXE.INTERMEDIATE.MANIFEST
C:\USERS\LG\DESKTOP\다렉\TEAMPROJECT\SOFT_SOURCE\B&B CONSUME\3D_GAME\DEBUG\3D_GAME.RES
C:\USERS\LG\DESKTOP\다렉\TEAMPROJECT\SOFT_SOURCE\B&B CONSUME\3D_GAME\DEBUG\BACKGROUND.OBJ
C:\USERS\LG\DESKTOP\다렉\TEAMPROJECT\SOFT_SOURCE\B&B CONSUME\3D_GAME\DEBUG\BOMB_TILE.OBJ
C:\USERS\LG\DESKTOP\다렉\TEAMPROJECT\SOFT_SOURCE\B&B CONSUME\3D_GAME\DEBUG\BOMB_TILE2.OBJ
C:\USERS\LG\DESKTOP\다렉\TEAMPROJECT\SOFT_SOURCE\B&B CONSUME\3D_GAME\DEBUG\BOMB_TILE3.OBJ
C:\USERS\LG\DESKTOP\다렉\TEAMPROJECT\SOFT_SOURCE\B&B CONSUME\3D_GAME\DEBUG\BOMB_TILE4.OBJ
C:\USERS\LG\DESKTOP\다렉\TEAMPROJECT\SOFT_SOURCE\B&B CONSUME\3D_GAME\DEBUG\CLEAR.OBJ
C:\USERS\LG\DESKTOP\다렉\TEAMPROJECT\SOFT_SOURCE\B&B CONSUME\3D_GAME\DEBUG\CLEAR_TILE.OBJ
C:\USERS\LG\DESKTOP\다렉\TEAMPROJECT\SOFT_SOURCE\B&B CONSUME\3D_GAME\DEBUG\COLLISION.OBJ
C:\USERS\LG\DESKTOP\다렉\TEAMPROJECT\SOFT_SOURCE\B&B CONSUME\3D_GAME\DEBUG\CREDITDICE_ALGORITHM.OBJ
C:\USERS\LG\DESKTOP\다렉\TEAMPROJECT\SOFT_SOURCE\B&B CONSUME\3D_GAME\DEBUG\DEVICE.OBJ
C:\USERS\LG\DESKTOP\다렉\TEAMPROJECT\SOFT_SOURCE\B&B CONSUME\3D_GAME\DEBUG\ENTITY.OBJ
C:\USERS\LG\DESKTOP\다렉\TEAMPROJECT\SOFT_SOURCE\B&B CONSUME\3D_GAME\DEBUG\EVENT_PROCESS.OBJ
C:\USERS\LG\DESKTOP\다렉\TEAMPROJECT\SOFT_SOURCE\B&B CONSUME\3D_GAME\DEBUG\FILELOAD.OBJ
C:\USERS\LG\DESKTOP\다렉\TEAMPROJECT\SOFT_SOURCE\B&B CONSUME\3D_GAME\DEBUG\FIRE_TILE.OBJ
C:\USERS\LG\DESKTOP\다렉\TEAMPROJECT\SOFT_SOURCE\B&B CONSUME\3D_GAME\DEBUG\FRUSTUM.OBJ
C:\USERS\LG\DESKTOP\다렉\TEAMPROJECT\SOFT_SOURCE\B&B CONSUME\3D_GAME\DEBUG\GAME_OVER.OBJ
C:\USERS\LG\DESKTOP\다렉\TEAMPROJECT\SOFT_SOURCE\B&B CONSUME\3D_GAME\DEBUG\GAMEBASE.OBJ
C:\USERS\LG\DESKTOP\다렉\TEAMPROJECT\SOFT_SOURCE\B&B CONSUME\3D_GAME\DEBUG\HP_BAR.OBJ
C:\USERS\LG\DESKTOP\다렉\TEAMPROJECT\SOFT_SOURCE\B&B CONSUME\3D_GAME\DEBUG\IRON_TILE.OBJ
C:\USERS\LG\DESKTOP\다렉\TEAMPROJECT\SOFT_SOURCE\B&B CONSUME\3D_GAME\DEBUG\KEYBOARD.OBJ
C:\USERS\LG\DESKTOP\다렉\TEAMPROJECT\SOFT_SOURCE\B&B CONSUME\3D_GAME\DEBUG\MAIN.OBJ
C:\USERS\LG\DESKTOP\다렉\TEAMPROJECT\SOFT_SOURCE\B&B CONSUME\3D_GAME\DEBUG\MAINMENU.OBJ
C:\USERS\LG\DESKTOP\다렉\TEAMPROJECT\SOFT_SOURCE\B&B CONSUME\3D_GAME\DEBUG\MENUMESH.OBJ
C:\USERS\LG\DESKTOP\다렉\TEAMPROJECT\SOFT_SOURCE\B&B CONSUME\3D_GAME\DEBUG\MESH.OBJ
C:\USERS\LG\DESKTOP\다렉\TEAMPROJECT\SOFT_SOURCE\B&B CONSUME\3D_GAME\DEBUG\MOUSE.OBJ
C:\USERS\LG\DESKTOP\다렉\TEAMPROJECT\SOFT_SOURCE\B&B CONSUME\3D_GAME\DEBUG\MOVE_TILE.OBJ
C:\USERS\LG\DESKTOP\다렉\TEAMPROJECT\SOFT_SOURCE\B&B CONSUME\3D_GAME\DEBUG\MOVE_WIND_TILE.OBJ
C:\USERS\LG\DESKTOP\다렉\TEAMPROJECT\SOFT_SOURCE\B&B CONSUME\3D_GAME\DEBUG\ONE_WIND_TILE.OBJ
C:\USERS\LG\DESKTOP\다렉\TEAMPROJECT\SOFT_SOURCE\B&B CONSUME\3D_GAME\DEBUG\PARTICLE.OBJ
C:\USERS\LG\DESKTOP\다렉\TEAMPROJECT\SOFT_SOURCE\B&B CONSUME\3D_GAME\DEBUG\PARTICLE_DIE.OBJ
C:\USERS\LG\DESKTOP\다렉\TEAMPROJECT\SOFT_SOURCE\B&B CONSUME\3D_GAME\DEBUG\PARTICLE_EXPLOSION.OBJ
C:\USERS\LG\DESKTOP\다렉\TEAMPROJECT\SOFT_SOURCE\B&B CONSUME\3D_GAME\DEBUG\PARTICLE_PETAL.OBJ
C:\USERS\LG\DESKTOP\다렉\TEAMPROJECT\SOFT_SOURCE\B&B CONSUME\3D_GAME\DEBUG\PARTICLE_RISE.OBJ
C:\USERS\LG\DESKTOP\다렉\TEAMPROJECT\SOFT_SOURCE\B&B CONSUME\3D_GAME\DEBUG\PARTICLE_SEND.OBJ
C:\USERS\LG\DESKTOP\다렉\TEAMPROJECT\SOFT_SOURCE\B&B CONSUME\3D_GAME\DEBUG\PARTICLE_WIND.OBJ
C:\USERS\LG\DESKTOP\다렉\TEAMPROJECT\SOFT_SOURCE\B&B CONSUME\3D_GAME\DEBUG\PAUSE_SYSTEM.OBJ
C:\USERS\LG\DESKTOP\다렉\TEAMPROJECT\SOFT_SOURCE\B&B CONSUME\3D_GAME\DEBUG\PHISICAL.OBJ
C:\USERS\LG\DESKTOP\다렉\TEAMPROJECT\SOFT_SOURCE\B&B CONSUME\3D_GAME\DEBUG\PLAYER.OBJ
C:\USERS\LG\DESKTOP\다렉\TEAMPROJECT\SOFT_SOURCE\B&B CONSUME\3D_GAME\DEBUG\SHADER.OBJ
C:\USERS\LG\DESKTOP\다렉\TEAMPROJECT\SOFT_SOURCE\B&B CONSUME\3D_GAME\DEBUG\SKYBOX.OBJ
C:\USERS\LG\DESKTOP\다렉\TEAMPROJECT\SOFT_SOURCE\B&B CONSUME\3D_GAME\DEBUG\SOUND.OBJ
C:\USERS\LG\DESKTOP\다렉\TEAMPROJECT\SOFT_SOURCE\B&B CONSUME\3D_GAME\DEBUG\STYRO_TILE.OBJ
C:\USERS\LG\DESKTOP\다렉\TEAMPROJECT\SOFT_SOURCE\B&B CONSUME\3D_GAME\DEBUG\TEXTURE.OBJ
C:\USERS\LG\DESKTOP\다렉\TEAMPROJECT\SOFT_SOURCE\B&B CONSUME\3D_GAME\DEBUG\TILE.OBJ
C:\USERS\LG\DESKTOP\다렉\TEAMPROJECT\SOFT_SOURCE\B&B CONSUME\3D_GAME\DEBUG\TIME_TILE.OBJ
C:\USERS\LG\DESKTOP\다렉\TEAMPROJECT\SOFT_SOURCE\B&B CONSUME\3D_GAME\DEBUG\UI_MESH.OBJ
C:\USERS\LG\DESKTOP\다렉\TEAMPROJECT\SOFT_SOURCE\B&B CONSUME\3D_GAME\DEBUG\UPDOWN_TILE.OBJ
C:\USERS\LG\DESKTOP\다렉\TEAMPROJECT\SOFT_SOURCE\B&B CONSUME\3D_GAME\DEBUG\UPDOWNIRON_TILE.OBJ
C:\USERS\LG\DESKTOP\다렉\TEAMPROJECT\SOFT_SOURCE\B&B CONSUME\3D_GAME\DEBUG\VC100.PDB
C:\USERS\LG\DESKTOP\다렉\TEAMPROJECT\SOFT_SOURCE\B&B CONSUME\3D_GAME\DEBUG\WATER_TILE.OBJ
C:\USERS\LG\DESKTOP\다렉\TEAMPROJECT\SOFT_SOURCE\B&B CONSUME\3D_GAME\DEBUG\WIND_TILE.OBJ
C:\USERS\LG\DESKTOP\다렉\TEAMPROJECT\SOFT_SOURCE\B&B CONSUME\3D_GAME\DEBUG\WOOD_TILE.OBJ
C:\USERS\LG\DESKTOP\다렉\TEAMPROJECT\SOFT_SOURCE\B&B CONSUME\3D_GAME\DEBUG\ZCAMERA.OBJ
C:\USERS\LG\DESKTOP\다렉\TEAMPROJECT\SOFT_SOURCE\B&B CONSUME\3D_GAME\DEBUG\ZFLOG.OBJ
C:\USERS\LG\DESKTOP\다렉\TEAMPROJECT\SOFT_SOURCE\B&B CONSUME\DEBUG\3D_GAME.EXE
C:\USERS\LG\DESKTOP\다렉\TEAMPROJECT\SOFT_SOURCE\B&B CONSUME\DEBUG\3D_GAME.ILK
C:\USERS\LG\DESKTOP\다렉\TEAMPROJECT\SOFT_SOURCE\B&B CONSUME\DEBUG\3D_GAME.PDB
C:\USERS\USER\DOWNLOADS\고니\TEAMPROJECT\SOFT_SOURCE\B&B CONSUME\3D_GAME\DEBUG\3D_GAME.EXE.EMBED.MANIFEST
C:\USERS\USER\DOWNLOADS\고니\TEAMPROJECT\SOFT_SOURCE\B&B CONSUME\3D_GAME\DEBUG\3D_GAME.EXE.EMBED.MANIFEST.RES
C:\USERS\USER\DOWNLOADS\고니\TEAMPROJECT\SOFT_SOURCE\B&B CONSUME\3D_GAME\DEBUG\3D_GAME.EXE.INTERMEDIATE.MANIFEST
C:\USERS\USER\DOWNLOADS\고니\TEAMPROJECT\SOFT_SOURCE\B&B CONSUME\3D_GAME\DEBUG\3D_GAME.RES
C:\USERS\USER\DOWNLOADS\고니\TEAMPROJECT\SOFT_SOURCE\B&B CONSUME\3D_GAME\DEBUG\BACKGROUND.OBJ
C:\USERS\USER\DOWNLOADS\고니\TEAMPROJECT\SOFT_SOURCE\B&B CONSUME\3D_GAME\DEBUG\BOMB_TILE.OBJ
C:\USERS\USER\DOWNLOADS\고니\TEAMPROJECT\SOFT_SOURCE\B&B CONSUME\3D_GAME\DEBUG\BOMB_TILE2.OBJ
C:\USERS\USER\DOWNLOADS\고니\TEAMPROJECT\SOFT_SOURCE\B&B CONSUME\3D_GAME\DEBUG\BOMB_TILE3.OBJ
C:\USERS\USER\DOWNLOADS\고니\TEAMPROJECT\SOFT_SOURCE\B&B CONSUME\3D_GAME\DEBUG\BOMB_TILE4.OBJ
C:\USERS\USER\DOWNLOADS\고니\TEAMPROJECT\SOFT_SOURCE\B&B CONSUME\3D_GAME\DEBUG\CLEAR.OBJ
C:\USERS\USER\DOWNLOADS\고니\TEAMPROJECT\SOFT_SOURCE\B&B CONSUME\3D_GAME\DEBUG\CLEAR_TILE.OBJ
C:\USERS\USER\DOWNLOADS\고니\TEAMPROJECT\SOFT_SOURCE\B&B CONSUME\3D_GAME\DEBUG\COLLISION.OBJ
C:\USERS\USER\DOWNLOADS\고니\TEAMPROJECT\SOFT_SOURCE\B&B CONSUME\3D_GAME\DEBUG\CREDITDICE_ALGORITHM.OBJ
C:\USERS\USER\DOWNLOADS\고니\TEAMPROJECT\SOFT_SOURCE\B&B CONSUME\3D_GAME\DEBUG\DEVICE.OBJ
C:\USERS\USER\DOWNLOADS\고니\TEAMPROJECT\SOFT_SOURCE\B&B CONSUME\3D_GAME\DEBUG\ENTITY.OBJ
C:\USERS\USER\DOWNLOADS\고니\TEAMPROJECT\SOFT_SOURCE\B&B CONSUME\3D_GAME\DEBUG\EVENT_PROCESS.OBJ
C:\USERS\USER\DOWNLOADS\고니\TEAMPROJECT\SOFT_SOURCE\B&B CONSUME\3D_GAME\DEBUG\EXPLAIN_PLAIN.OBJ
C:\USERS\USER\DOWNLOADS\고니\TEAMPROJECT\SOFT_SOURCE\B&B CONSUME\3D_GAME\DEBUG\FILELOAD.OBJ
C:\USERS\USER\DOWNLOADS\고니\TEAMPROJECT\SOFT_SOURCE\B&B CONSUME\3D_GAME\DEBUG\FIRE_TILE.OBJ
C:\USERS\USER\DOWNLOADS\고니\TEAMPROJECT\SOFT_SOURCE\B&B CONSUME\3D_GAME\DEBUG\FRUSTUM.OBJ
C:\USERS\USER\DOWNLOADS\고니\TEAMPROJECT\SOFT_SOURCE\B&B CONSUME\3D_GAME\DEBUG\GAME_OVER.OBJ
C:\USERS\USER\DOWNLOADS\고니\TEAMPROJECT\SOFT_SOURCE\B&B CONSUME\3D_GAME\DEBUG\GAMEBASE.OBJ
C:\USERS\USER\DOWNLOADS\고니\TEAMPROJECT\SOFT_SOURCE\B&B CONSUME\3D_GAME\DEBUG\HP_BAR.OBJ
C:\USERS\USER\DOWNLOADS\고니\TEAMPROJECT\SOFT_SOURCE\B&B CONSUME\3D_GAME\DEBUG\IRON_TILE.OBJ
C:\USERS\USER\DOWNLOADS\고니\TEAMPROJECT\SOFT_SOURCE\B&B CONSUME\3D_GAME\DEBUG\KEYBOARD.OBJ
C:\USERS\USER\DOWNLOADS\고니\TEAMPROJECT\SOFT_SOURCE\B&B CONSUME\3D_GAME\DEBUG\MAIN.OBJ
C:\USERS\USER\DOWNLOADS\고니\TEAMPROJECT\SOFT_SOURCE\B&B CONSUME\3D_GAME\DEBUG\MAINMENU.OBJ
C:\USERS\USER\DOWNLOADS\고니\TEAMPROJECT\SOFT_SOURCE\B&B CONSUME\3D_GAME\DEBUG\MENUMESH.OBJ
C:\USERS\USER\DOWNLOADS\고니\TEAMPROJECT\SOFT_SOURCE\B&B CONSUME\3D_GAME\DEBUG\MESH.OBJ
C:\USERS\USER\DOWNLOADS\고니\TEAMPROJECT\SOFT_SOURCE\B&B CONSUME\3D_GAME\DEBUG\MOUSE.OBJ
C:\USERS\USER\DOWNLOADS\고니\TEAMPROJECT\SOFT_SOURCE\B&B CONSUME\3D_GAME\DEBUG\MOVE_TILE.OBJ
C:\USERS\USER\DOWNLOADS\고니\TEAMPROJECT\SOFT_SOURCE\B&B CONSUME\3D_GAME\DEBUG\MOVE_WIND_TILE.OBJ
C:\USERS\USER\DOWNLOADS\고니\TEAMPROJECT\SOFT_SOURCE\B&B CONSUME\3D_GAME\DEBUG\ONE_WIND_TILE.OBJ
C:\USERS\USER\DOWNLOADS\고니\TEAMPROJECT\SOFT_SOURCE\B&B CONSUME\3D_GAME\DEBUG\PARTICLE.OBJ
C:\USERS\USER\DOWNLOADS\고니\TEAMPROJECT\SOFT_SOURCE\B&B CONSUME\3D_GAME\DEBUG\PARTICLE_DIE.OBJ
C:\USERS\USER\DOWNLOADS\고니\TEAMPROJECT\SOFT_SOURCE\B&B CONSUME\3D_GAME\DEBUG\PARTICLE_EXPLOSION.OBJ
C:\USERS\USER\DOWNLOADS\고니\TEAMPROJECT\SOFT_SOURCE\B&B CONSUME\3D_GAME\DEBUG\PARTICLE_PETAL.OBJ
C:\USERS\USER\DOWNLOADS\고니\TEAMPROJECT\SOFT_SOURCE\B&B CONSUME\3D_GAME\DEBUG\PARTICLE_RISE.OBJ
C:\USERS\USER\DOWNLOADS\고니\TEAMPROJECT\SOFT_SOURCE\B&B CONSUME\3D_GAME\DEBUG\PARTICLE_SEND.OBJ
C:\USERS\USER\DOWNLOADS\고니\TEAMPROJECT\SOFT_SOURCE\B&B CONSUME\3D_GAME\DEBUG\PARTICLE_WIND.OBJ
C:\USERS\USER\DOWNLOADS\고니\TEAMPROJECT\SOFT_SOURCE\B&B CONSUME\3D_GAME\DEBUG\PAUSE_SYSTEM.OBJ
C:\USERS\USER\DOWNLOADS\고니\TEAMPROJECT\SOFT_SOURCE\B&B CONSUME\3D_GAME\DEBUG\PHISICAL.OBJ
C:\USERS\USER\DOWNLOADS\고니\TEAMPROJECT\SOFT_SOURCE\B&B CONSUME\3D_GAME\DEBUG\PLAYER.OBJ
C:\USERS\USER\DOWNLOADS\고니\TEAMPROJECT\SOFT_SOURCE\B&B CONSUME\3D_GAME\DEBUG\SHADER.OBJ
C:\USERS\USER\DOWNLOADS\고니\TEAMPROJECT\SOFT_SOURCE\B&B CONSUME\3D_GAME\DEBUG\SKYBOX.OBJ
C:\USERS\USER\DOWNLOADS\고니\TEAMPROJECT\SOFT_SOURCE\B&B CONSUME\3D_GAME\DEBUG\SOUND.OBJ
C:\USERS\USER\DOWNLOADS\고니\TEAMPROJECT\SOFT_SOURCE\B&B CONSUME\3D_GAME\DEBUG\STYRO_TILE.OBJ
C:\USERS\USER\DOWNLOADS\고니\TEAMPROJECT\SOFT_SOURCE\B&B CONSUME\3D_GAME\DEBUG\TEXTURE.OBJ
C:\USERS\USER\DOWNLOADS\고니\TEAMPROJECT\SOFT_SOURCE\B&B CONSUME\3D_GAME\DEBUG\TILE.OBJ
C:\USERS\USER\DOWNLOADS\고니\TEAMPROJECT\SOFT_SOURCE\B&B CONSUME\3D_GAME\DEBUG\TIME_TILE.OBJ
C:\USERS\USER\DOWNLOADS\고니\TEAMPROJECT\SOFT_SOURCE\B&B CONSUME\3D_GAME\DEBUG\UI_MESH.OBJ
C:\USERS\USER\DOWNLOADS\고니\TEAMPROJECT\SOFT_SOURCE\B&B CONSUME\3D_GAME\DEBUG\UPDOWN_TILE.OBJ
C:\USERS\USER\DOWNLOADS\고니\TEAMPROJECT\SOFT_SOURCE\B&B CONSUME\3D_GAME\DEBUG\UPDOWNIRON_TILE.OBJ
C:\USERS\USER\DOWNLOADS\고니\TEAMPROJECT\SOFT_SOURCE\B&B CONSUME\3D_GAME\DEBUG\VC100.PDB
C:\USERS\USER\DOWNLOADS\고니\TEAMPROJECT\SOFT_SOURCE\B&B CONSUME\3D_GAME\DEBUG\WATER_TILE.OBJ
C:\USERS\USER\DOWNLOADS\고니\TEAMPROJECT\SOFT_SOURCE\B&B CONSUME\3D_GAME\DEBUG\WIND_TILE.OBJ
C:\USERS\USER\DOWNLOADS\고니\TEAMPROJECT\SOFT_SOURCE\B&B CONSUME\3D_GAME\DEBUG\WOOD_TILE.OBJ
C:\USERS\USER\DOWNLOADS\고니\TEAMPROJECT\SOFT_SOURCE\B&B CONSUME\3D_GAME\DEBUG\ZCAMERA.OBJ
C:\USERS\USER\DOWNLOADS\고니\TEAMPROJECT\SOFT_SOURCE\B&B CONSUME\3D_GAME\DEBUG\ZFLOG.OBJ
C:\USERS\USER\DOWNLOADS\고니\TEAMPROJECT\SOFT_SOURCE\B&B CONSUME\DEBUG\3D_GAME.EXE
C:\USERS\USER\DOWNLOADS\고니\TEAMPROJECT\SOFT_SOURCE\B&B CONSUME\DEBUG\3D_GAME.ILK
C:\USERS\USER\DOWNLOADS\고니\TEAMPROJECT\SOFT_SOURCE\B&B CONSUME\DEBUG\3D_GAME.PDB
