C:\USERS\A402-26\DESKTOP\다렉TEAM\TEAMPROJECT\SOFT_SOURCE\B&B CONSUME\3D_GAME\RELEASE\3D_GAME.EXE.INTERMEDIATE.MANIFEST
C:\USERS\A402-26\DESKTOP\다렉TEAM\TEAMPROJECT\SOFT_SOURCE\B&B CONSUME\3D_GAME\RELEASE\BACKGROUND.OBJ
C:\USERS\A402-26\DESKTOP\다렉TEAM\TEAMPROJECT\SOFT_SOURCE\B&B CONSUME\3D_GAME\RELEASE\CLEAR_TILE.OBJ
C:\USERS\A402-26\DESKTOP\다렉TEAM\TEAMPROJECT\SOFT_SOURCE\B&B CONSUME\3D_GAME\RELEASE\COLLISION.OBJ
C:\USERS\A402-26\DESKTOP\다렉TEAM\TEAMPROJECT\SOFT_SOURCE\B&B CONSUME\3D_GAME\RELEASE\DEVICE.OBJ
C:\USERS\A402-26\DESKTOP\다렉TEAM\TEAMPROJECT\SOFT_SOURCE\B&B CONSUME\3D_GAME\RELEASE\ENTITY.OBJ
C:\USERS\A402-26\DESKTOP\다렉TEAM\TEAMPROJECT\SOFT_SOURCE\B&B CONSUME\3D_GAME\RELEASE\EVENT_PROCESS.OBJ
C:\USERS\A402-26\DESKTOP\다렉TEAM\TEAMPROJECT\SOFT_SOURCE\B&B CONSUME\3D_GAME\RELEASE\FILELOAD.OBJ
C:\USERS\A402-26\DESKTOP\다렉TEAM\TEAMPROJECT\SOFT_SOURCE\B&B CONSUME\3D_GAME\RELEASE\FIRE_TILE.OBJ
C:\USERS\A402-26\DESKTOP\다렉TEAM\TEAMPROJECT\SOFT_SOURCE\B&B CONSUME\3D_GAME\RELEASE\FRUSTUM.OBJ
C:\USERS\A402-26\DESKTOP\다렉TEAM\TEAMPROJECT\SOFT_SOURCE\B&B CONSUME\3D_GAME\RELEASE\GAMEBASE.OBJ
C:\USERS\A402-26\DESKTOP\다렉TEAM\TEAMPROJECT\SOFT_SOURCE\B&B CONSUME\3D_GAME\RELEASE\IRON_TILE.OBJ
C:\USERS\A402-26\DESKTOP\다렉TEAM\TEAMPROJECT\SOFT_SOURCE\B&B CONSUME\3D_GAME\RELEASE\KEYBOARD.OBJ
C:\USERS\A402-26\DESKTOP\다렉TEAM\TEAMPROJECT\SOFT_SOURCE\B&B CONSUME\3D_GAME\RELEASE\MAIN.OBJ
C:\USERS\A402-26\DESKTOP\다렉TEAM\TEAMPROJECT\SOFT_SOURCE\B&B CONSUME\3D_GAME\RELEASE\MAINMENU.OBJ
C:\USERS\A402-26\DESKTOP\다렉TEAM\TEAMPROJECT\SOFT_SOURCE\B&B CONSUME\3D_GAME\RELEASE\MENUMESH.OBJ
C:\USERS\A402-26\DESKTOP\다렉TEAM\TEAMPROJECT\SOFT_SOURCE\B&B CONSUME\3D_GAME\RELEASE\MESH.OBJ
C:\USERS\A402-26\DESKTOP\다렉TEAM\TEAMPROJECT\SOFT_SOURCE\B&B CONSUME\3D_GAME\RELEASE\MOUSE.OBJ
C:\USERS\A402-26\DESKTOP\다렉TEAM\TEAMPROJECT\SOFT_SOURCE\B&B CONSUME\3D_GAME\RELEASE\ONE_WIND_TILE.OBJ
C:\USERS\A402-26\DESKTOP\다렉TEAM\TEAMPROJECT\SOFT_SOURCE\B&B CONSUME\3D_GAME\RELEASE\PARTICLE.OBJ
C:\USERS\A402-26\DESKTOP\다렉TEAM\TEAMPROJECT\SOFT_SOURCE\B&B CONSUME\3D_GAME\RELEASE\PARTICLE_EXPLOSION.OBJ
C:\USERS\A402-26\DESKTOP\다렉TEAM\TEAMPROJECT\SOFT_SOURCE\B&B CONSUME\3D_GAME\RELEASE\PARTICLE_PETAL.OBJ
C:\USERS\A402-26\DESKTOP\다렉TEAM\TEAMPROJECT\SOFT_SOURCE\B&B CONSUME\3D_GAME\RELEASE\PHISICAL.OBJ
C:\USERS\A402-26\DESKTOP\다렉TEAM\TEAMPROJECT\SOFT_SOURCE\B&B CONSUME\3D_GAME\RELEASE\PLAYER.OBJ
C:\USERS\A402-26\DESKTOP\다렉TEAM\TEAMPROJECT\SOFT_SOURCE\B&B CONSUME\3D_GAME\RELEASE\SHADER.OBJ
C:\USERS\A402-26\DESKTOP\다렉TEAM\TEAMPROJECT\SOFT_SOURCE\B&B CONSUME\3D_GAME\RELEASE\SKYBOX.OBJ
C:\USERS\A402-26\DESKTOP\다렉TEAM\TEAMPROJECT\SOFT_SOURCE\B&B CONSUME\3D_GAME\RELEASE\SOUND.OBJ
C:\USERS\A402-26\DESKTOP\다렉TEAM\TEAMPROJECT\SOFT_SOURCE\B&B CONSUME\3D_GAME\RELEASE\STYRO_TILE.OBJ
C:\USERS\A402-26\DESKTOP\다렉TEAM\TEAMPROJECT\SOFT_SOURCE\B&B CONSUME\3D_GAME\RELEASE\TEXTURE.OBJ
C:\USERS\A402-26\DESKTOP\다렉TEAM\TEAMPROJECT\SOFT_SOURCE\B&B CONSUME\3D_GAME\RELEASE\TILE.OBJ
C:\USERS\A402-26\DESKTOP\다렉TEAM\TEAMPROJECT\SOFT_SOURCE\B&B CONSUME\3D_GAME\RELEASE\TIME_TILE.OBJ
C:\USERS\A402-26\DESKTOP\다렉TEAM\TEAMPROJECT\SOFT_SOURCE\B&B CONSUME\3D_GAME\RELEASE\UI_MESH.OBJ
C:\USERS\A402-26\DESKTOP\다렉TEAM\TEAMPROJECT\SOFT_SOURCE\B&B CONSUME\3D_GAME\RELEASE\VC100.PDB
C:\USERS\A402-26\DESKTOP\다렉TEAM\TEAMPROJECT\SOFT_SOURCE\B&B CONSUME\3D_GAME\RELEASE\WATER_TILE.OBJ
C:\USERS\A402-26\DESKTOP\다렉TEAM\TEAMPROJECT\SOFT_SOURCE\B&B CONSUME\3D_GAME\RELEASE\WIND_TILE.OBJ
C:\USERS\A402-26\DESKTOP\다렉TEAM\TEAMPROJECT\SOFT_SOURCE\B&B CONSUME\3D_GAME\RELEASE\WOOD_TILE.OBJ
C:\USERS\A402-26\DESKTOP\다렉TEAM\TEAMPROJECT\SOFT_SOURCE\B&B CONSUME\3D_GAME\RELEASE\ZCAMERA.OBJ
C:\USERS\A402-26\DESKTOP\다렉TEAM\TEAMPROJECT\SOFT_SOURCE\B&B CONSUME\3D_GAME\RELEASE\ZFLOG.OBJ
C:\USERS\A402-26\DESKTOP\다렉TEAM\TEAMPROJECT\SOFT_SOURCE\B&B CONSUME\RELEASE\3D_GAME.EXE
C:\USERS\A402-26\DESKTOP\다렉TEAM\TEAMPROJECT\SOFT_SOURCE\B&B CONSUME\RELEASE\3D_GAME.PDB
C:\USERS\A402-34\DESKTOP\발구지\TEAMPROJECT\SOFT_SOURCE\B&B CONSUME\3D_GAME\RELEASE\3D_GAME.EXE.INTERMEDIATE.MANIFEST
C:\Users\A402-34\Desktop\발구지\TeamProject\Soft_Source\B&B ConSume\3D_Game\Release\3D_Game.vcxprojResolveAssemblyReference.cache
C:\Users\A402-34\Desktop\발구지\TeamProject\Soft_Source\B&B ConSume\3D_Game\Release\3D_Game.write.1.tlog
C:\USERS\A402-34\DESKTOP\발구지\TEAMPROJECT\SOFT_SOURCE\B&B CONSUME\3D_GAME\RELEASE\BACKGROUND.OBJ
C:\Users\A402-34\Desktop\발구지\TeamProject\Soft_Source\B&B ConSume\3D_Game\Release\billboard.obj
C:\Users\A402-34\Desktop\발구지\TeamProject\Soft_Source\B&B ConSume\3D_Game\Release\cl.command.1.tlog
C:\Users\A402-34\Desktop\발구지\TeamProject\Soft_Source\B&B ConSume\3D_Game\Release\CL.read.1.tlog
C:\Users\A402-34\Desktop\발구지\TeamProject\Soft_Source\B&B ConSume\3D_Game\Release\CL.write.1.tlog
C:\USERS\A402-34\DESKTOP\발구지\TEAMPROJECT\SOFT_SOURCE\B&B CONSUME\3D_GAME\RELEASE\CLEAR_TILE.OBJ
C:\USERS\A402-34\DESKTOP\발구지\TEAMPROJECT\SOFT_SOURCE\B&B CONSUME\3D_GAME\RELEASE\COLLISION.OBJ
C:\USERS\A402-34\DESKTOP\발구지\TEAMPROJECT\SOFT_SOURCE\B&B CONSUME\3D_GAME\RELEASE\DEVICE.OBJ
C:\USERS\A402-34\DESKTOP\발구지\TEAMPROJECT\SOFT_SOURCE\B&B CONSUME\3D_GAME\RELEASE\ENTITY.OBJ
C:\USERS\A402-34\DESKTOP\발구지\TEAMPROJECT\SOFT_SOURCE\B&B CONSUME\3D_GAME\RELEASE\EVENT_PROCESS.OBJ
C:\USERS\A402-34\DESKTOP\발구지\TEAMPROJECT\SOFT_SOURCE\B&B CONSUME\3D_GAME\RELEASE\FILELOAD.OBJ
C:\USERS\A402-34\DESKTOP\발구지\TEAMPROJECT\SOFT_SOURCE\B&B CONSUME\3D_GAME\RELEASE\FIRE_TILE.OBJ
C:\USERS\A402-34\DESKTOP\발구지\TEAMPROJECT\SOFT_SOURCE\B&B CONSUME\3D_GAME\RELEASE\FRUSTUM.OBJ
C:\USERS\A402-34\DESKTOP\발구지\TEAMPROJECT\SOFT_SOURCE\B&B CONSUME\3D_GAME\RELEASE\GAMEBASE.OBJ
C:\USERS\A402-34\DESKTOP\발구지\TEAMPROJECT\SOFT_SOURCE\B&B CONSUME\3D_GAME\RELEASE\IRON_TILE.OBJ
C:\USERS\A402-34\DESKTOP\발구지\TEAMPROJECT\SOFT_SOURCE\B&B CONSUME\3D_GAME\RELEASE\KEYBOARD.OBJ
C:\Users\A402-34\Desktop\발구지\TeamProject\Soft_Source\B&B ConSume\3D_Game\Release\link.command.1.tlog
C:\Users\A402-34\Desktop\발구지\TeamProject\Soft_Source\B&B ConSume\3D_Game\Release\link.read.1.tlog
C:\Users\A402-34\Desktop\발구지\TeamProject\Soft_Source\B&B ConSume\3D_Game\Release\link.write.1.tlog
C:\USERS\A402-34\DESKTOP\발구지\TEAMPROJECT\SOFT_SOURCE\B&B CONSUME\3D_GAME\RELEASE\MAIN.OBJ
C:\USERS\A402-34\DESKTOP\발구지\TEAMPROJECT\SOFT_SOURCE\B&B CONSUME\3D_GAME\RELEASE\MAINMENU.OBJ
C:\USERS\A402-34\DESKTOP\발구지\TEAMPROJECT\SOFT_SOURCE\B&B CONSUME\3D_GAME\RELEASE\MENUMESH.OBJ
C:\USERS\A402-34\DESKTOP\발구지\TEAMPROJECT\SOFT_SOURCE\B&B CONSUME\3D_GAME\RELEASE\MESH.OBJ
C:\USERS\A402-34\DESKTOP\발구지\TEAMPROJECT\SOFT_SOURCE\B&B CONSUME\3D_GAME\RELEASE\MOUSE.OBJ
C:\Users\A402-34\Desktop\발구지\TeamProject\Soft_Source\B&B ConSume\3D_Game\Release\Mover.obj
C:\Users\A402-34\Desktop\발구지\TeamProject\Soft_Source\B&B ConSume\3D_Game\Release\mt.command.1.tlog
C:\Users\A402-34\Desktop\발구지\TeamProject\Soft_Source\B&B ConSume\3D_Game\Release\mt.read.1.tlog
C:\Users\A402-34\Desktop\발구지\TeamProject\Soft_Source\B&B ConSume\3D_Game\Release\mt.write.1.tlog
C:\USERS\A402-34\DESKTOP\발구지\TEAMPROJECT\SOFT_SOURCE\B&B CONSUME\3D_GAME\RELEASE\ONE_WIND_TILE.OBJ
C:\USERS\A402-34\DESKTOP\발구지\TEAMPROJECT\SOFT_SOURCE\B&B CONSUME\3D_GAME\RELEASE\PARTICLE.OBJ
C:\USERS\A402-34\DESKTOP\발구지\TEAMPROJECT\SOFT_SOURCE\B&B CONSUME\3D_GAME\RELEASE\PARTICLE_EXPLOSION.OBJ
C:\USERS\A402-34\DESKTOP\발구지\TEAMPROJECT\SOFT_SOURCE\B&B CONSUME\3D_GAME\RELEASE\PARTICLE_PETAL.OBJ
C:\Users\A402-34\Desktop\발구지\TeamProject\Soft_Source\B&B ConSume\3D_Game\Release\Pause_System.obj
C:\USERS\A402-34\DESKTOP\발구지\TEAMPROJECT\SOFT_SOURCE\B&B CONSUME\3D_GAME\RELEASE\PHISICAL.OBJ
C:\USERS\A402-34\DESKTOP\발구지\TEAMPROJECT\SOFT_SOURCE\B&B CONSUME\3D_GAME\RELEASE\PLAYER.OBJ
C:\USERS\A402-34\DESKTOP\발구지\TEAMPROJECT\SOFT_SOURCE\B&B CONSUME\3D_GAME\RELEASE\SHADER.OBJ
C:\USERS\A402-34\DESKTOP\발구지\TEAMPROJECT\SOFT_SOURCE\B&B CONSUME\3D_GAME\RELEASE\SKYBOX.OBJ
C:\USERS\A402-34\DESKTOP\발구지\TEAMPROJECT\SOFT_SOURCE\B&B CONSUME\3D_GAME\RELEASE\SOUND.OBJ
C:\USERS\A402-34\DESKTOP\발구지\TEAMPROJECT\SOFT_SOURCE\B&B CONSUME\3D_GAME\RELEASE\STYRO_TILE.OBJ
C:\USERS\A402-34\DESKTOP\발구지\TEAMPROJECT\SOFT_SOURCE\B&B CONSUME\3D_GAME\RELEASE\TEXTURE.OBJ
C:\USERS\A402-34\DESKTOP\발구지\TEAMPROJECT\SOFT_SOURCE\B&B CONSUME\3D_GAME\RELEASE\TILE.OBJ
C:\USERS\A402-34\DESKTOP\발구지\TEAMPROJECT\SOFT_SOURCE\B&B CONSUME\3D_GAME\RELEASE\TIME_TILE.OBJ
C:\USERS\A402-34\DESKTOP\발구지\TEAMPROJECT\SOFT_SOURCE\B&B CONSUME\3D_GAME\RELEASE\UI_MESH.OBJ
C:\USERS\A402-34\DESKTOP\발구지\TEAMPROJECT\SOFT_SOURCE\B&B CONSUME\3D_GAME\RELEASE\VC100.PDB
C:\USERS\A402-34\DESKTOP\발구지\TEAMPROJECT\SOFT_SOURCE\B&B CONSUME\3D_GAME\RELEASE\WATER_TILE.OBJ
C:\USERS\A402-34\DESKTOP\발구지\TEAMPROJECT\SOFT_SOURCE\B&B CONSUME\3D_GAME\RELEASE\WIND_TILE.OBJ
C:\USERS\A402-34\DESKTOP\발구지\TEAMPROJECT\SOFT_SOURCE\B&B CONSUME\3D_GAME\RELEASE\WOOD_TILE.OBJ
C:\USERS\A402-34\DESKTOP\발구지\TEAMPROJECT\SOFT_SOURCE\B&B CONSUME\3D_GAME\RELEASE\ZCAMERA.OBJ
C:\USERS\A402-34\DESKTOP\발구지\TEAMPROJECT\SOFT_SOURCE\B&B CONSUME\3D_GAME\RELEASE\ZFLOG.OBJ
C:\USERS\A402-34\DESKTOP\발구지\TEAMPROJECT\SOFT_SOURCE\B&B CONSUME\RELEASE\3D_GAME.EXE
C:\USERS\A402-34\DESKTOP\발구지\TEAMPROJECT\SOFT_SOURCE\B&B CONSUME\RELEASE\3D_GAME.PDB
